<?xml version="1.0" encoding="UTF-8"?>
<Site BuildName="(empty)"
	BuildStamp="20231025-2354-Experimental"
	Name="(empty)"
	Generator="ctest-3.22.1"
	CompilerName=""
	CompilerVersion=""
	OSName="Linux"
	Hostname="fede-ThinkPad-E15-Gen-2"
	OSRelease="6.2.0-34-generic"
	OSVersion="#34~22.04.1-Ubuntu SMP PREEMPT_DYNAMIC Thu Sep  7 13:12:03 UTC 2"
	OSPlatform="x86_64"
	Is64Bits="1"
	VendorString="GenuineIntel"
	VendorID="Intel Corporation"
	FamilyID="6"
	ModelID="140"
	ProcessorCacheSize="12288"
	NumberOfLogicalCPU="8"
	NumberOfPhysicalCPU="4"
	TotalVirtualMemory="2047"
	TotalPhysicalMemory="15684"
	LogicalProcessorsPerPhysical="2"
	ProcessorClockFrequency="1847.1"
	>
	<Testing>
		<StartDateTime>Oct 25 20:54 -03</StartDateTime>
		<StartTestTime>1698278061</StartTestTime>
		<TestList/>
		<EndDateTime>Oct 25 20:54 -03</EndDateTime>
		<EndTestTime>1698278061</EndTestTime>
		<ElapsedMinutes>0</ElapsedMinutes>
	</Testing>
</Site>
